<?xml version="1.0" encoding="UTF-8"?>
<!-- Generated by org.testng.reporters.JUnitXMLReporter -->
<testsuite ignored="2" hostname="LAPTOP-HBE0DJ0G" failures="2" tests="2" name="Test" time="126.761" errors="0" timestamp="2023-04-01T15:51:58 IST">
  <testcase classname="testPackage.LoginTestClass" name="VerifyLoginFunctionalityWithCorrectData" time="31.228">
    <failure type="java.io.FileNotFoundException" message="C:\Users\HP\eclipse-workspace\HRMOrange\test-output\Screenshots (Access is denied)">
      <![CDATA[java.io.FileNotFoundException: C:\Users\HP\eclipse-workspace\HRMOrange\test-output\Screenshots (Access is denied)
at java.base/java.io.FileOutputStream.open0(Native Method)
at java.base/java.io.FileOutputStream.open(FileOutputStream.java:295)
at java.base/java.io.FileOutputStream.<init>(FileOutputStream.java:236)
at java.base/java.io.FileOutputStream.<init>(FileOutputStream.java:185)
at org.openqa.selenium.io.FileHandler.copyFile(FileHandler.java:136)
at org.openqa.selenium.io.FileHandler.copy(FileHandler.java:115)
at testPackage.LoginTestClass.VerifyLoginFunctionalityWithCorrectData(LoginTestClass.java:75)
at java.base/java.util.ArrayList.forEach(ArrayList.java:1511)
... Removed 25 stack frames]]>
    </failure>
  </testcase> <!-- VerifyLoginFunctionalityWithCorrectData -->
  <testcase classname="testPackage.LoginTestClass" name="VerifyLoginFunctionalityWithInCorrectData" time="0.145">
    <failure type="java.lang.AssertionError" message="null">
      <![CDATA[java.lang.AssertionError: null
at testPackage.LoginTestClass.VerifyLoginFunctionalityWithInCorrectData(LoginTestClass.java:101)
at java.base/java.util.ArrayList.forEach(ArrayList.java:1511)
... Removed 27 stack frames]]>
    </failure>
  </testcase> <!-- VerifyLoginFunctionalityWithInCorrectData -->
  <testcase classname="testPackage.BaseClass" name="@BeforeTest beforeTest" time="0.0">
    <ignored/>
  </testcase> <!-- @BeforeTest beforeTest -->
  <testcase classname="testPackage.BaseClass" name="@AfterTest aftertest" time="0.0">
    <ignored/>
  </testcase> <!-- @AfterTest aftertest -->
</testsuite> <!-- Test -->
